<?xml version="1.0" encoding="UTF-8"?>
<testng-results ignored="0" total="1" passed="1" failed="0" skipped="0">
  <reporter-output>
  </reporter-output>
  <suite started-at="2024-07-17T15:18:00 EDT" name="Loan Department" finished-at="2024-07-17T15:18:18 EDT" duration-ms="18033">
    <groups>
    </groups>
    <test started-at="2024-07-17T15:18:00 EDT" name="Personal Loan" finished-at="2024-07-17T15:18:18 EDT" duration-ms="18033">
      <class name="MavenFun.SelIntroduction">
        <test-method signature="selDemo()[pri:0, instance:MavenFun.SelIntroduction@4c15e7fd]" started-at="2024-07-17T15:18:00 EDT" name="selDemo" finished-at="2024-07-17T15:18:18 EDT" duration-ms="17998" status="PASS">
          <reporter-output>
          </reporter-output>
        </test-method> <!-- selDemo -->
      </class> <!-- MavenFun.SelIntroduction -->
    </test> <!-- Personal Loan -->
  </suite> <!-- Loan Department -->
</testng-results>
