<?xml version="1.0" encoding="UTF-8"?>
<!-- Generated by org.testng.reporters.JUnitXMLReporter -->
<testsuite ignored="2" hostname="Freds-MBP.home" failures="0" tests="1" name="Car Loan" time="0.025" errors="0" timestamp="2024-07-16T15:18:57 EDT">
  <testcase classname="test.day4" name="MobileDay4" time="0.002"/>
  <testcase classname="test.day4" name="SecondTestDay4" time="0.0">
    <ignored/>
  </testcase> <!-- SecondTestDay4 -->
  <testcase classname="test.day4" name="DemoDay4" time="0.0">
    <ignored/>
  </testcase> <!-- DemoDay4 -->
</testsuite> <!-- Car Loan -->
